C:\USERS\MARUF\DOCUMENTS\SCHOOL STUFF\BTEC LEVEL 3 ICT\2ND YEAR\PATRICK\ASSIGNMENT\SUPER_AWESOME_GAME\SUPER_AWESOME_GAME\DEBUG\GAMEOBJECT.OBJ
C:\USERS\MARUF\DOCUMENTS\SCHOOL STUFF\BTEC LEVEL 3 ICT\2ND YEAR\PATRICK\ASSIGNMENT\SUPER_AWESOME_GAME\SUPER_AWESOME_GAME\DEBUG\HELPSCREEN.OBJ
C:\USERS\MARUF\DOCUMENTS\SCHOOL STUFF\BTEC LEVEL 3 ICT\2ND YEAR\PATRICK\ASSIGNMENT\SUPER_AWESOME_GAME\SUPER_AWESOME_GAME\DEBUG\MAIN.OBJ
C:\USERS\MARUF\DOCUMENTS\SCHOOL STUFF\BTEC LEVEL 3 ICT\2ND YEAR\PATRICK\ASSIGNMENT\SUPER_AWESOME_GAME\SUPER_AWESOME_GAME\DEBUG\MUSIC.OBJ
C:\USERS\MARUF\DOCUMENTS\SCHOOL STUFF\BTEC LEVEL 3 ICT\2ND YEAR\PATRICK\ASSIGNMENT\SUPER_AWESOME_GAME\SUPER_AWESOME_GAME\DEBUG\PAUSEMENU.OBJ
C:\USERS\MARUF\DOCUMENTS\SCHOOL STUFF\BTEC LEVEL 3 ICT\2ND YEAR\PATRICK\ASSIGNMENT\SUPER_AWESOME_GAME\SUPER_AWESOME_GAME\DEBUG\PLAYER.OBJ
C:\USERS\MARUF\DOCUMENTS\SCHOOL STUFF\BTEC LEVEL 3 ICT\2ND YEAR\PATRICK\ASSIGNMENT\SUPER_AWESOME_GAME\SUPER_AWESOME_GAME\DEBUG\PLAYERBULLET.OBJ
C:\USERS\MARUF\DOCUMENTS\SCHOOL STUFF\BTEC LEVEL 3 ICT\2ND YEAR\PATRICK\ASSIGNMENT\SUPER_AWESOME_GAME\SUPER_AWESOME_GAME\DEBUG\PLAYERLIVES.OBJ
C:\USERS\MARUF\DOCUMENTS\SCHOOL STUFF\BTEC LEVEL 3 ICT\2ND YEAR\PATRICK\ASSIGNMENT\SUPER_AWESOME_GAME\SUPER_AWESOME_GAME\DEBUG\SCORESCREEN.OBJ
C:\USERS\MARUF\DOCUMENTS\SCHOOL STUFF\BTEC LEVEL 3 ICT\2ND YEAR\PATRICK\ASSIGNMENT\SUPER_AWESOME_GAME\SUPER_AWESOME_GAME\DEBUG\SHIELDDURATIONDISPLAY.OBJ
C:\USERS\MARUF\DOCUMENTS\SCHOOL STUFF\BTEC LEVEL 3 ICT\2ND YEAR\PATRICK\ASSIGNMENT\SUPER_AWESOME_GAME\SUPER_AWESOME_GAME\DEBUG\SPEED.OBJ
C:\USERS\MARUF\DOCUMENTS\SCHOOL STUFF\BTEC LEVEL 3 ICT\2ND YEAR\PATRICK\ASSIGNMENT\SUPER_AWESOME_GAME\SUPER_AWESOME_GAME\DEBUG\SPEEDDURATIONDISPLAY.OBJ
C:\USERS\MARUF\DOCUMENTS\SCHOOL STUFF\BTEC LEVEL 3 ICT\2ND YEAR\PATRICK\ASSIGNMENT\SUPER_AWESOME_GAME\SUPER_AWESOME_GAME\DEBUG\SPEEDPOWERUP.OBJ
C:\USERS\MARUF\DOCUMENTS\SCHOOL STUFF\BTEC LEVEL 3 ICT\2ND YEAR\PATRICK\ASSIGNMENT\SUPER_AWESOME_GAME\SUPER_AWESOME_GAME\DEBUG\TEXTDISPLAY.OBJ
C:\USERS\MARUF\DOCUMENTS\SCHOOL STUFF\BTEC LEVEL 3 ICT\2ND YEAR\PATRICK\ASSIGNMENT\SUPER_AWESOME_GAME\SUPER_AWESOME_GAME\DEBUG\SHIELD.OBJ
C:\USERS\MARUF\DOCUMENTS\SCHOOL STUFF\BTEC LEVEL 3 ICT\2ND YEAR\PATRICK\ASSIGNMENT\SUPER_AWESOME_GAME\SUPER_AWESOME_GAME\DEBUG\SHIELDPOWERUP.OBJ
C:\USERS\MARUF\DOCUMENTS\SCHOOL STUFF\BTEC LEVEL 3 ICT\2ND YEAR\PATRICK\ASSIGNMENT\SUPER_AWESOME_GAME\SUPER_AWESOME_GAME\DEBUG\SOUND.OBJ
C:\USERS\MARUF\DOCUMENTS\SCHOOL STUFF\BTEC LEVEL 3 ICT\2ND YEAR\PATRICK\ASSIGNMENT\SUPER_AWESOME_GAME\SUPER_AWESOME_GAME\DEBUG\SPLASHSCREEN.OBJ
C:\USERS\MARUF\DOCUMENTS\SCHOOL STUFF\BTEC LEVEL 3 ICT\2ND YEAR\PATRICK\ASSIGNMENT\SUPER_AWESOME_GAME\SUPER_AWESOME_GAME\DEBUG\SPRITE.OBJ
C:\USERS\MARUF\DOCUMENTS\SCHOOL STUFF\BTEC LEVEL 3 ICT\2ND YEAR\PATRICK\ASSIGNMENT\SUPER_AWESOME_GAME\SUPER_AWESOME_GAME\DEBUG\TITLESCREEN.OBJ
C:\USERS\MARUF\DOCUMENTS\SCHOOL STUFF\BTEC LEVEL 3 ICT\2ND YEAR\PATRICK\ASSIGNMENT\SUPER_AWESOME_GAME\SUPER_AWESOME_GAME\DEBUG\BASEOBJECT.OBJ
C:\USERS\MARUF\DOCUMENTS\SCHOOL STUFF\BTEC LEVEL 3 ICT\2ND YEAR\PATRICK\ASSIGNMENT\SUPER_AWESOME_GAME\SUPER_AWESOME_GAME\DEBUG\BUTTON.OBJ
C:\USERS\MARUF\DOCUMENTS\SCHOOL STUFF\BTEC LEVEL 3 ICT\2ND YEAR\PATRICK\ASSIGNMENT\SUPER_AWESOME_GAME\SUPER_AWESOME_GAME\DEBUG\ENEMYBULLET.OBJ
C:\USERS\MARUF\DOCUMENTS\SCHOOL STUFF\BTEC LEVEL 3 ICT\2ND YEAR\PATRICK\ASSIGNMENT\SUPER_AWESOME_GAME\SUPER_AWESOME_GAME\DEBUG\ENEMYPURP.OBJ
C:\USERS\MARUF\DOCUMENTS\SCHOOL STUFF\BTEC LEVEL 3 ICT\2ND YEAR\PATRICK\ASSIGNMENT\SUPER_AWESOME_GAME\SUPER_AWESOME_GAME\DEBUG\ENEMYUFO.OBJ
C:\USERS\MARUF\DOCUMENTS\SCHOOL STUFF\BTEC LEVEL 3 ICT\2ND YEAR\PATRICK\ASSIGNMENT\SUPER_AWESOME_GAME\SUPER_AWESOME_GAME\DEBUG\ENEMYYELL.OBJ
C:\USERS\MARUF\DOCUMENTS\SCHOOL STUFF\BTEC LEVEL 3 ICT\2ND YEAR\PATRICK\ASSIGNMENT\SUPER_AWESOME_GAME\SUPER_AWESOME_GAME\DEBUG\FIRSTLEVEL.OBJ
C:\USERS\MARUF\DOCUMENTS\SCHOOL STUFF\BTEC LEVEL 3 ICT\2ND YEAR\PATRICK\ASSIGNMENT\SUPER_AWESOME_GAME\SUPER_AWESOME_GAME\DEBUG\GAMEBACKGROUND.OBJ
C:\USERS\MARUF\DOCUMENTS\SCHOOL STUFF\BTEC LEVEL 3 ICT\2ND YEAR\PATRICK\ASSIGNMENT\SUPER_AWESOME_GAME\SUPER_AWESOME_GAME\DEBUG\GAMEMANAGER.OBJ
C:\USERS\MARUF\DOCUMENTS\SCHOOL STUFF\BTEC LEVEL 3 ICT\2ND YEAR\PATRICK\ASSIGNMENT\SUPER_AWESOME_GAME\SUPER_AWESOME_GAME\DEBUG\VC110.PDB
C:\USERS\MARUF\DOCUMENTS\SCHOOL STUFF\BTEC LEVEL 3 ICT\2ND YEAR\PATRICK\ASSIGNMENT\SUPER_AWESOME_GAME\DEBUG\SUPER_AWESOME_GAME.ILK
C:\USERS\MARUF\DOCUMENTS\SCHOOL STUFF\BTEC LEVEL 3 ICT\2ND YEAR\PATRICK\ASSIGNMENT\SUPER_AWESOME_GAME\DEBUG\SUPER_AWESOME_GAME.EXE
C:\USERS\MARUF\DOCUMENTS\SCHOOL STUFF\BTEC LEVEL 3 ICT\2ND YEAR\PATRICK\ASSIGNMENT\SUPER_AWESOME_GAME\DEBUG\SUPER_AWESOME_GAME.PDB
C:\Users\maruf\Documents\School stuff\BTEC Level 3 ICT\2nd Year\Patrick\Assignment\super_awesome_game\super_awesome_game\Debug\baseObject.obj
C:\Users\maruf\Documents\School stuff\BTEC Level 3 ICT\2nd Year\Patrick\Assignment\super_awesome_game\super_awesome_game\Debug\button.obj
C:\Users\maruf\Documents\School stuff\BTEC Level 3 ICT\2nd Year\Patrick\Assignment\super_awesome_game\super_awesome_game\Debug\enemyBullet.obj
C:\Users\maruf\Documents\School stuff\BTEC Level 3 ICT\2nd Year\Patrick\Assignment\super_awesome_game\super_awesome_game\Debug\enemyPurp.obj
C:\Users\maruf\Documents\School stuff\BTEC Level 3 ICT\2nd Year\Patrick\Assignment\super_awesome_game\super_awesome_game\Debug\enemyUFO.obj
C:\Users\maruf\Documents\School stuff\BTEC Level 3 ICT\2nd Year\Patrick\Assignment\super_awesome_game\super_awesome_game\Debug\enemyYell.obj
C:\Users\maruf\Documents\School stuff\BTEC Level 3 ICT\2nd Year\Patrick\Assignment\super_awesome_game\super_awesome_game\Debug\firstLevel.obj
C:\Users\maruf\Documents\School stuff\BTEC Level 3 ICT\2nd Year\Patrick\Assignment\super_awesome_game\super_awesome_game\Debug\gameBackground.obj
C:\Users\maruf\Documents\School stuff\BTEC Level 3 ICT\2nd Year\Patrick\Assignment\super_awesome_game\super_awesome_game\Debug\gameManager.obj
C:\Users\maruf\Documents\School stuff\BTEC Level 3 ICT\2nd Year\Patrick\Assignment\super_awesome_game\super_awesome_game\Debug\gameObject.obj
C:\Users\maruf\Documents\School stuff\BTEC Level 3 ICT\2nd Year\Patrick\Assignment\super_awesome_game\super_awesome_game\Debug\helpScreen.obj
C:\Users\maruf\Documents\School stuff\BTEC Level 3 ICT\2nd Year\Patrick\Assignment\super_awesome_game\super_awesome_game\Debug\main.obj
C:\Users\maruf\Documents\School stuff\BTEC Level 3 ICT\2nd Year\Patrick\Assignment\super_awesome_game\super_awesome_game\Debug\music.obj
C:\Users\maruf\Documents\School stuff\BTEC Level 3 ICT\2nd Year\Patrick\Assignment\super_awesome_game\super_awesome_game\Debug\pauseMenu.obj
C:\Users\maruf\Documents\School stuff\BTEC Level 3 ICT\2nd Year\Patrick\Assignment\super_awesome_game\super_awesome_game\Debug\player.obj
C:\Users\maruf\Documents\School stuff\BTEC Level 3 ICT\2nd Year\Patrick\Assignment\super_awesome_game\super_awesome_game\Debug\playerBullet.obj
C:\Users\maruf\Documents\School stuff\BTEC Level 3 ICT\2nd Year\Patrick\Assignment\super_awesome_game\super_awesome_game\Debug\playerLives.obj
C:\Users\maruf\Documents\School stuff\BTEC Level 3 ICT\2nd Year\Patrick\Assignment\super_awesome_game\super_awesome_game\Debug\scoreScreen.obj
C:\Users\maruf\Documents\School stuff\BTEC Level 3 ICT\2nd Year\Patrick\Assignment\super_awesome_game\super_awesome_game\Debug\shield.obj
C:\Users\maruf\Documents\School stuff\BTEC Level 3 ICT\2nd Year\Patrick\Assignment\super_awesome_game\super_awesome_game\Debug\shieldDurationDisplay.obj
C:\Users\maruf\Documents\School stuff\BTEC Level 3 ICT\2nd Year\Patrick\Assignment\super_awesome_game\super_awesome_game\Debug\shieldPowerUp.obj
C:\Users\maruf\Documents\School stuff\BTEC Level 3 ICT\2nd Year\Patrick\Assignment\super_awesome_game\super_awesome_game\Debug\sound.obj
C:\Users\maruf\Documents\School stuff\BTEC Level 3 ICT\2nd Year\Patrick\Assignment\super_awesome_game\super_awesome_game\Debug\speed.obj
C:\Users\maruf\Documents\School stuff\BTEC Level 3 ICT\2nd Year\Patrick\Assignment\super_awesome_game\super_awesome_game\Debug\speedDurationDisplay.obj
C:\Users\maruf\Documents\School stuff\BTEC Level 3 ICT\2nd Year\Patrick\Assignment\super_awesome_game\super_awesome_game\Debug\speedPowerUp.obj
C:\Users\maruf\Documents\School stuff\BTEC Level 3 ICT\2nd Year\Patrick\Assignment\super_awesome_game\super_awesome_game\Debug\splashScreen.obj
C:\Users\maruf\Documents\School stuff\BTEC Level 3 ICT\2nd Year\Patrick\Assignment\super_awesome_game\super_awesome_game\Debug\sprite.obj
C:\Users\maruf\Documents\School stuff\BTEC Level 3 ICT\2nd Year\Patrick\Assignment\super_awesome_game\super_awesome_game\Debug\textDisplay.obj
C:\Users\maruf\Documents\School stuff\BTEC Level 3 ICT\2nd Year\Patrick\Assignment\super_awesome_game\super_awesome_game\Debug\titleScreen.obj
C:\Users\maruf\Documents\School stuff\BTEC Level 3 ICT\2nd Year\Patrick\Assignment\super_awesome_game\super_awesome_game\Debug\cl.command.1.tlog
C:\Users\maruf\Documents\School stuff\BTEC Level 3 ICT\2nd Year\Patrick\Assignment\super_awesome_game\super_awesome_game\Debug\CL.read.1.tlog
C:\Users\maruf\Documents\School stuff\BTEC Level 3 ICT\2nd Year\Patrick\Assignment\super_awesome_game\super_awesome_game\Debug\CL.write.1.tlog
C:\Users\maruf\Documents\School stuff\BTEC Level 3 ICT\2nd Year\Patrick\Assignment\super_awesome_game\super_awesome_game\Debug\link-cvtres.read.1.tlog
C:\Users\maruf\Documents\School stuff\BTEC Level 3 ICT\2nd Year\Patrick\Assignment\super_awesome_game\super_awesome_game\Debug\link-cvtres.write.1.tlog
C:\Users\maruf\Documents\School stuff\BTEC Level 3 ICT\2nd Year\Patrick\Assignment\super_awesome_game\super_awesome_game\Debug\link-rc.read.1.tlog
C:\Users\maruf\Documents\School stuff\BTEC Level 3 ICT\2nd Year\Patrick\Assignment\super_awesome_game\super_awesome_game\Debug\link-rc.write.1.tlog
C:\Users\maruf\Documents\School stuff\BTEC Level 3 ICT\2nd Year\Patrick\Assignment\super_awesome_game\super_awesome_game\Debug\link.command.1.tlog
C:\Users\maruf\Documents\School stuff\BTEC Level 3 ICT\2nd Year\Patrick\Assignment\super_awesome_game\super_awesome_game\Debug\link.read.1.tlog
C:\Users\maruf\Documents\School stuff\BTEC Level 3 ICT\2nd Year\Patrick\Assignment\super_awesome_game\super_awesome_game\Debug\link.write.1.tlog
C:\Users\maruf\Documents\School stuff\BTEC Level 3 ICT\2nd Year\Patrick\Assignment\super_awesome_game\super_awesome_game\Debug\vc110.idb
C:\Users\maruf\Documents\School stuff\BTEC Level 3 ICT\2nd Year\Patrick\Assignment\super_awesome_game\super_awesome_game\Debug\vc110.pdb
C:\Users\maruf\Documents\School stuff\BTEC Level 3 ICT\2nd Year\Patrick\Assignment\super_awesome_game\Debug\super_awesome_game.pdb
C:\Users\maruf\Documents\School stuff\BTEC Level 3 ICT\2nd Year\Patrick\Assignment\super_awesome_game\Debug\super_awesome_game.exe
C:\Users\maruf\Documents\School stuff\BTEC Level 3 ICT\2nd Year\Patrick\Assignment\super_awesome_game\Debug\super_awesome_game.ilk
